<?xml version="1.0" encoding="UTF-8"?>
<!-- Generated by org.testng.reporters.JUnitReportReporter -->
<testsuite hostname="REEMAGGA-IN" name="TC004_GET_REQUEST" tests="1" failures="0" timestamp="23 Apr 2021 15:31:00 GMT" time="3.551" errors="0">
  <testcase name="getAllHeaders" time="3.551" classname="TC004_GET_REQUEST"/>
</testsuite> <!-- TC004_GET_REQUEST -->
