<?xml version="1.0" encoding="UTF-8"?>
<!-- Generated by org.testng.reporters.JUnitReportReporter -->
<testsuite hostname="REEMAGGA-IN" name="TC003_GET_REQUEST" tests="1" failures="0" timestamp="23 Apr 2021 13:27:49 GMT" time="5.013" errors="0">
  <testcase name="validateHeaders" time="5.013" classname="TC003_GET_REQUEST"/>
</testsuite> <!-- TC003_GET_REQUEST -->
